<?xml version="1.0" encoding="UTF-8"?>
<!-- Generated by org.testng.reporters.JUnitXMLReporter -->
<testsuite hostname="DESKTOP-DD6RFRG" ignored="0" name="Surefire test" tests="16" failures="0" timestamp="23 Mar 2023 06:56:25 GMT" time="50.726" errors="0">
  <testcase name="testPostUser" time="9.054" classname="test.DDTest"/>
  <testcase name="testPostUser" time="2.354" classname="test.DDTest"/>
  <testcase name="testPostUser" time="2.195" classname="test.DDTest"/>
  <testcase name="testPostUser" time="1.92" classname="test.DDTest"/>
  <testcase name="testPostUser" time="1.913" classname="test.DDTest"/>
  <testcase name="testPostUser" time="2.172" classname="test.DDTest"/>
  <testcase name="testPostUser" time="2.17" classname="test.UserTest"/>
  <testcase name="testDeleteUserByName" time="1.906" classname="test.DDTest"/>
  <testcase name="testDeleteUserByName" time="1.596" classname="test.DDTest"/>
  <testcase name="testDeleteUserByName" time="1.59" classname="test.DDTest"/>
  <testcase name="testDeleteUserByName" time="1.604" classname="test.DDTest"/>
  <testcase name="testDeleteUserByName" time="1.932" classname="test.DDTest"/>
  <testcase name="testDeleteUserByName" time="1.923" classname="test.DDTest"/>
  <testcase name="testGetUserByName" time="1.918" classname="test.UserTest"/>
  <testcase name="testUpdateUserByName" time="3.818" classname="test.UserTest"/>
  <testcase name="testDeleteUserByName" time="2.257" classname="test.UserTest"/>
</testsuite> <!-- Surefire test -->
