<?xml version="1.0" encoding="UTF-8"?>
<!-- Generated by org.testng.reporters.JUnitXMLReporter -->
<testsuite hostname="DESKTOP-DD6RFRG" ignored="0" name="Surefire test" tests="16" failures="0" timestamp="31 Mar 2023 04:14:39 GMT" time="44.393" errors="0">
  <testcase name="testPostUser" time="8.437" classname="test.usertest.DDTest"/>
  <testcase name="testPostUser" time="1.583" classname="test.usertest.DDTest"/>
  <testcase name="testPostUser" time="1.473" classname="test.usertest.DDTest"/>
  <testcase name="testPostUser" time="1.507" classname="test.usertest.DDTest"/>
  <testcase name="testPostUser" time="1.442" classname="test.usertest.DDTest"/>
  <testcase name="testPostUser" time="1.532" classname="test.usertest.DDTest"/>
  <testcase name="testPostUser" time="1.506" classname="test.usertest.UserTest"/>
  <testcase name="testDeleteUserByName" time="1.484" classname="test.usertest.DDTest"/>
  <testcase name="testDeleteUserByName" time="1.405" classname="test.usertest.DDTest"/>
  <testcase name="testDeleteUserByName" time="1.363" classname="test.usertest.DDTest"/>
  <testcase name="testDeleteUserByName" time="1.529" classname="test.usertest.DDTest"/>
  <testcase name="testDeleteUserByName" time="1.475" classname="test.usertest.DDTest"/>
  <testcase name="testDeleteUserByName" time="1.565" classname="test.usertest.DDTest"/>
  <testcase name="testGetUserByName" time="1.494" classname="test.usertest.UserTest"/>
  <testcase name="testUpdateUserByName" time="3.874" classname="test.usertest.UserTest"/>
  <testcase name="testDeleteUserByName" time="1.479" classname="test.usertest.UserTest"/>
</testsuite> <!-- Surefire test -->
