<?xml version="1.0" encoding="UTF-8"?>
<testng-results skipped="0" failed="0" ignored="0" total="16" passed="16">
  <reporter-output>
  </reporter-output>
  <suite name="Surefire suite" duration-ms="89226" started-at="2023-03-23T02:13:53Z" finished-at="2023-03-23T02:15:23Z">
    <groups>
    </groups>
    <test name="Surefire test" duration-ms="89226" started-at="2023-03-23T02:13:53Z" finished-at="2023-03-23T02:15:23Z">
      <class name="test.DDTest">
        <test-method status="PASS" signature="testPostUser(java.lang.String, java.lang.String, java.lang.String, java.lang.String, java.lang.String, java.lang.String, java.lang.String)[pri:1, instance:test.DDTest@337d0578]" name="testPostUser" duration-ms="24886" started-at="2023-03-23T02:14:24Z" data-provider="Data" finished-at="2023-03-23T02:14:49Z">
          <params>
            <param index="0">
              <value>
                <![CDATA[1010]]>
              </value>
            </param>
            <param index="1">
              <value>
                <![CDATA[testUser1]]>
              </value>
            </param>
            <param index="2">
              <value>
                <![CDATA[jhon ]]>
              </value>
            </param>
            <param index="3">
              <value>
                <![CDATA[Stallin]]>
              </value>
            </param>
            <param index="4">
              <value>
                <![CDATA[ab@gamail.com]]>
              </value>
            </param>
            <param index="5">
              <value>
                <![CDATA[test@1]]>
              </value>
            </param>
            <param index="6">
              <value>
                <![CDATA[1234567890]]>
              </value>
            </param>
          </params>
          <reporter-output>
          </reporter-output>
        </test-method> <!-- testPostUser -->
        <test-method status="PASS" signature="testPostUser(java.lang.String, java.lang.String, java.lang.String, java.lang.String, java.lang.String, java.lang.String, java.lang.String)[pri:1, instance:test.DDTest@337d0578]" name="testPostUser" duration-ms="2140" started-at="2023-03-23T02:14:49Z" data-provider="Data" finished-at="2023-03-23T02:14:51Z">
          <params>
            <param index="0">
              <value>
                <![CDATA[1020]]>
              </value>
            </param>
            <param index="1">
              <value>
                <![CDATA[testUser2]]>
              </value>
            </param>
            <param index="2">
              <value>
                <![CDATA[kim ]]>
              </value>
            </param>
            <param index="3">
              <value>
                <![CDATA[Stallin]]>
              </value>
            </param>
            <param index="4">
              <value>
                <![CDATA[ac@gamail.com]]>
              </value>
            </param>
            <param index="5">
              <value>
                <![CDATA[test@2]]>
              </value>
            </param>
            <param index="6">
              <value>
                <![CDATA[1234567890]]>
              </value>
            </param>
          </params>
          <reporter-output>
          </reporter-output>
        </test-method> <!-- testPostUser -->
        <test-method status="PASS" signature="testPostUser(java.lang.String, java.lang.String, java.lang.String, java.lang.String, java.lang.String, java.lang.String, java.lang.String)[pri:1, instance:test.DDTest@337d0578]" name="testPostUser" duration-ms="1907" started-at="2023-03-23T02:14:51Z" data-provider="Data" finished-at="2023-03-23T02:14:53Z">
          <params>
            <param index="0">
              <value>
                <![CDATA[1030]]>
              </value>
            </param>
            <param index="1">
              <value>
                <![CDATA[testUser3]]>
              </value>
            </param>
            <param index="2">
              <value>
                <![CDATA[smit]]>
              </value>
            </param>
            <param index="3">
              <value>
                <![CDATA[Stallin]]>
              </value>
            </param>
            <param index="4">
              <value>
                <![CDATA[ad@gamail.com]]>
              </value>
            </param>
            <param index="5">
              <value>
                <![CDATA[test@3]]>
              </value>
            </param>
            <param index="6">
              <value>
                <![CDATA[1234567890]]>
              </value>
            </param>
          </params>
          <reporter-output>
          </reporter-output>
        </test-method> <!-- testPostUser -->
        <test-method status="PASS" signature="testPostUser(java.lang.String, java.lang.String, java.lang.String, java.lang.String, java.lang.String, java.lang.String, java.lang.String)[pri:1, instance:test.DDTest@337d0578]" name="testPostUser" duration-ms="1898" started-at="2023-03-23T02:14:53Z" data-provider="Data" finished-at="2023-03-23T02:14:55Z">
          <params>
            <param index="0">
              <value>
                <![CDATA[1040]]>
              </value>
            </param>
            <param index="1">
              <value>
                <![CDATA[testUser4]]>
              </value>
            </param>
            <param index="2">
              <value>
                <![CDATA[abraham]]>
              </value>
            </param>
            <param index="3">
              <value>
                <![CDATA[Stallin]]>
              </value>
            </param>
            <param index="4">
              <value>
                <![CDATA[ae@gamail.com]]>
              </value>
            </param>
            <param index="5">
              <value>
                <![CDATA[test@4]]>
              </value>
            </param>
            <param index="6">
              <value>
                <![CDATA[1234567890]]>
              </value>
            </param>
          </params>
          <reporter-output>
          </reporter-output>
        </test-method> <!-- testPostUser -->
        <test-method status="PASS" signature="testPostUser(java.lang.String, java.lang.String, java.lang.String, java.lang.String, java.lang.String, java.lang.String, java.lang.String)[pri:1, instance:test.DDTest@337d0578]" name="testPostUser" duration-ms="1708" started-at="2023-03-23T02:14:55Z" data-provider="Data" finished-at="2023-03-23T02:14:57Z">
          <params>
            <param index="0">
              <value>
                <![CDATA[1050]]>
              </value>
            </param>
            <param index="1">
              <value>
                <![CDATA[testUser5]]>
              </value>
            </param>
            <param index="2">
              <value>
                <![CDATA[lincon]]>
              </value>
            </param>
            <param index="3">
              <value>
                <![CDATA[Stallin]]>
              </value>
            </param>
            <param index="4">
              <value>
                <![CDATA[af@gamail.com]]>
              </value>
            </param>
            <param index="5">
              <value>
                <![CDATA[test@5]]>
              </value>
            </param>
            <param index="6">
              <value>
                <![CDATA[1234567890]]>
              </value>
            </param>
          </params>
          <reporter-output>
          </reporter-output>
        </test-method> <!-- testPostUser -->
        <test-method status="PASS" signature="testPostUser(java.lang.String, java.lang.String, java.lang.String, java.lang.String, java.lang.String, java.lang.String, java.lang.String)[pri:1, instance:test.DDTest@337d0578]" name="testPostUser" duration-ms="1988" started-at="2023-03-23T02:14:57Z" data-provider="Data" finished-at="2023-03-23T02:14:59Z">
          <params>
            <param index="0">
              <value>
                <![CDATA[1060]]>
              </value>
            </param>
            <param index="1">
              <value>
                <![CDATA[testUser6]]>
              </value>
            </param>
            <param index="2">
              <value>
                <![CDATA[david]]>
              </value>
            </param>
            <param index="3">
              <value>
                <![CDATA[Stallin]]>
              </value>
            </param>
            <param index="4">
              <value>
                <![CDATA[ag@gamail.com]]>
              </value>
            </param>
            <param index="5">
              <value>
                <![CDATA[test@6]]>
              </value>
            </param>
            <param index="6">
              <value>
                <![CDATA[1234567890]]>
              </value>
            </param>
          </params>
          <reporter-output>
          </reporter-output>
        </test-method> <!-- testPostUser -->
        <test-method status="PASS" signature="testDeleteUserByName(java.lang.String)[pri:2, instance:test.DDTest@337d0578]" name="testDeleteUserByName" duration-ms="2097" started-at="2023-03-23T02:15:04Z" data-provider="UserNames" finished-at="2023-03-23T02:15:06Z">
          <params>
            <param index="0">
              <value>
                <![CDATA[testUser1]]>
              </value>
            </param>
          </params>
          <reporter-output>
          </reporter-output>
        </test-method> <!-- testDeleteUserByName -->
        <test-method status="PASS" signature="testDeleteUserByName(java.lang.String)[pri:2, instance:test.DDTest@337d0578]" name="testDeleteUserByName" duration-ms="1735" started-at="2023-03-23T02:15:06Z" data-provider="UserNames" finished-at="2023-03-23T02:15:07Z">
          <params>
            <param index="0">
              <value>
                <![CDATA[testUser2]]>
              </value>
            </param>
          </params>
          <reporter-output>
          </reporter-output>
        </test-method> <!-- testDeleteUserByName -->
        <test-method status="PASS" signature="testDeleteUserByName(java.lang.String)[pri:2, instance:test.DDTest@337d0578]" name="testDeleteUserByName" duration-ms="2112" started-at="2023-03-23T02:15:07Z" data-provider="UserNames" finished-at="2023-03-23T02:15:10Z">
          <params>
            <param index="0">
              <value>
                <![CDATA[testUser3]]>
              </value>
            </param>
          </params>
          <reporter-output>
          </reporter-output>
        </test-method> <!-- testDeleteUserByName -->
        <test-method status="PASS" signature="testDeleteUserByName(java.lang.String)[pri:2, instance:test.DDTest@337d0578]" name="testDeleteUserByName" duration-ms="1848" started-at="2023-03-23T02:15:10Z" data-provider="UserNames" finished-at="2023-03-23T02:15:11Z">
          <params>
            <param index="0">
              <value>
                <![CDATA[testUser4]]>
              </value>
            </param>
          </params>
          <reporter-output>
          </reporter-output>
        </test-method> <!-- testDeleteUserByName -->
        <test-method status="PASS" signature="testDeleteUserByName(java.lang.String)[pri:2, instance:test.DDTest@337d0578]" name="testDeleteUserByName" duration-ms="1795" started-at="2023-03-23T02:15:11Z" data-provider="UserNames" finished-at="2023-03-23T02:15:13Z">
          <params>
            <param index="0">
              <value>
                <![CDATA[testUser5]]>
              </value>
            </param>
          </params>
          <reporter-output>
          </reporter-output>
        </test-method> <!-- testDeleteUserByName -->
        <test-method status="PASS" signature="testDeleteUserByName(java.lang.String)[pri:2, instance:test.DDTest@337d0578]" name="testDeleteUserByName" duration-ms="1810" started-at="2023-03-23T02:15:13Z" data-provider="UserNames" finished-at="2023-03-23T02:15:15Z">
          <params>
            <param index="0">
              <value>
                <![CDATA[testUser6]]>
              </value>
            </param>
          </params>
          <reporter-output>
          </reporter-output>
        </test-method> <!-- testDeleteUserByName -->
      </class> <!-- test.DDTest -->
      <class name="test.UserTest">
        <test-method status="PASS" signature="setupData()[pri:0, instance:test.UserTest@59e84876]" name="setupData" is-config="true" duration-ms="1421" started-at="2023-03-23T02:14:59Z" finished-at="2023-03-23T02:15:00Z">
          <reporter-output>
          </reporter-output>
        </test-method> <!-- setupData -->
        <test-method status="PASS" signature="testPostUser()[pri:1, instance:test.UserTest@59e84876]" name="testPostUser" duration-ms="2056" started-at="2023-03-23T02:15:00Z" finished-at="2023-03-23T02:15:02Z">
          <reporter-output>
          </reporter-output>
        </test-method> <!-- testPostUser -->
        <test-method status="PASS" signature="testGetUserByName()[pri:2, instance:test.UserTest@59e84876]" name="testGetUserByName" duration-ms="1843" started-at="2023-03-23T02:15:15Z" finished-at="2023-03-23T02:15:17Z">
          <reporter-output>
          </reporter-output>
        </test-method> <!-- testGetUserByName -->
        <test-method status="PASS" signature="testUpdateUserByName()[pri:3, instance:test.UserTest@59e84876]" name="testUpdateUserByName" duration-ms="3778" started-at="2023-03-23T02:15:17Z" finished-at="2023-03-23T02:15:21Z">
          <reporter-output>
          </reporter-output>
        </test-method> <!-- testUpdateUserByName -->
        <test-method status="PASS" signature="testDeleteUserByName()[pri:4, instance:test.UserTest@59e84876]" name="testDeleteUserByName" duration-ms="1956" started-at="2023-03-23T02:15:21Z" finished-at="2023-03-23T02:15:23Z">
          <reporter-output>
          </reporter-output>
        </test-method> <!-- testDeleteUserByName -->
      </class> <!-- test.UserTest -->
    </test> <!-- Surefire test -->
  </suite> <!-- Surefire suite -->
</testng-results>
