<?xml version="1.0" encoding="UTF-8"?>
<testng-results skipped="0" failed="0" ignored="0" total="16" passed="16">
  <reporter-output>
  </reporter-output>
  <suite name="Surefire suite" duration-ms="44393" started-at="2023-03-31T04:13:54Z" finished-at="2023-03-31T04:14:39Z">
    <groups>
    </groups>
    <test name="Surefire test" duration-ms="44393" started-at="2023-03-31T04:13:54Z" finished-at="2023-03-31T04:14:39Z">
      <class name="test.usertest.UserTest">
        <test-method status="PASS" signature="setupData()[pri:0, instance:test.usertest.UserTest@59e84876]" name="setupData" is-config="true" duration-ms="1058" started-at="2023-03-31T04:14:20Z" finished-at="2023-03-31T04:14:21Z">
          <reporter-output>
          </reporter-output>
        </test-method> <!-- setupData -->
        <test-method status="PASS" signature="testPostUser()[pri:1, instance:test.usertest.UserTest@59e84876]" name="testPostUser" duration-ms="1506" started-at="2023-03-31T04:14:21Z" finished-at="2023-03-31T04:14:22Z">
          <reporter-output>
          </reporter-output>
        </test-method> <!-- testPostUser -->
        <test-method status="PASS" signature="testGetUserByName()[pri:2, instance:test.usertest.UserTest@59e84876]" name="testGetUserByName" duration-ms="1494" started-at="2023-03-31T04:14:32Z" finished-at="2023-03-31T04:14:33Z">
          <reporter-output>
          </reporter-output>
        </test-method> <!-- testGetUserByName -->
        <test-method status="PASS" signature="testUpdateUserByName()[pri:3, instance:test.usertest.UserTest@59e84876]" name="testUpdateUserByName" duration-ms="3874" started-at="2023-03-31T04:14:33Z" finished-at="2023-03-31T04:14:37Z">
          <reporter-output>
          </reporter-output>
        </test-method> <!-- testUpdateUserByName -->
        <test-method status="PASS" signature="testDeleteUserByName()[pri:4, instance:test.usertest.UserTest@59e84876]" name="testDeleteUserByName" duration-ms="1479" started-at="2023-03-31T04:14:37Z" finished-at="2023-03-31T04:14:39Z">
          <reporter-output>
          </reporter-output>
        </test-method> <!-- testDeleteUserByName -->
      </class> <!-- test.usertest.UserTest -->
      <class name="test.usertest.DDTest">
        <test-method status="PASS" signature="testPostUser(java.lang.String, java.lang.String, java.lang.String, java.lang.String, java.lang.String, java.lang.String, java.lang.String)[pri:1, instance:test.usertest.DDTest@337d0578]" name="testPostUser" duration-ms="8437" started-at="2023-03-31T04:14:04Z" data-provider="Data" finished-at="2023-03-31T04:14:12Z">
          <params>
            <param index="0">
              <value>
                <![CDATA[1010]]>
              </value>
            </param>
            <param index="1">
              <value>
                <![CDATA[testUser1]]>
              </value>
            </param>
            <param index="2">
              <value>
                <![CDATA[jhon ]]>
              </value>
            </param>
            <param index="3">
              <value>
                <![CDATA[Stallin]]>
              </value>
            </param>
            <param index="4">
              <value>
                <![CDATA[ab@gamail.com]]>
              </value>
            </param>
            <param index="5">
              <value>
                <![CDATA[test@1]]>
              </value>
            </param>
            <param index="6">
              <value>
                <![CDATA[1234567890]]>
              </value>
            </param>
          </params>
          <reporter-output>
          </reporter-output>
        </test-method> <!-- testPostUser -->
        <test-method status="PASS" signature="testPostUser(java.lang.String, java.lang.String, java.lang.String, java.lang.String, java.lang.String, java.lang.String, java.lang.String)[pri:1, instance:test.usertest.DDTest@337d0578]" name="testPostUser" duration-ms="1583" started-at="2023-03-31T04:14:12Z" data-provider="Data" finished-at="2023-03-31T04:14:14Z">
          <params>
            <param index="0">
              <value>
                <![CDATA[1020]]>
              </value>
            </param>
            <param index="1">
              <value>
                <![CDATA[testUser2]]>
              </value>
            </param>
            <param index="2">
              <value>
                <![CDATA[kim ]]>
              </value>
            </param>
            <param index="3">
              <value>
                <![CDATA[Stallin]]>
              </value>
            </param>
            <param index="4">
              <value>
                <![CDATA[ac@gamail.com]]>
              </value>
            </param>
            <param index="5">
              <value>
                <![CDATA[test@2]]>
              </value>
            </param>
            <param index="6">
              <value>
                <![CDATA[1234567890]]>
              </value>
            </param>
          </params>
          <reporter-output>
          </reporter-output>
        </test-method> <!-- testPostUser -->
        <test-method status="PASS" signature="testPostUser(java.lang.String, java.lang.String, java.lang.String, java.lang.String, java.lang.String, java.lang.String, java.lang.String)[pri:1, instance:test.usertest.DDTest@337d0578]" name="testPostUser" duration-ms="1473" started-at="2023-03-31T04:14:14Z" data-provider="Data" finished-at="2023-03-31T04:14:15Z">
          <params>
            <param index="0">
              <value>
                <![CDATA[1030]]>
              </value>
            </param>
            <param index="1">
              <value>
                <![CDATA[testUser3]]>
              </value>
            </param>
            <param index="2">
              <value>
                <![CDATA[smit]]>
              </value>
            </param>
            <param index="3">
              <value>
                <![CDATA[Stallin]]>
              </value>
            </param>
            <param index="4">
              <value>
                <![CDATA[ad@gamail.com]]>
              </value>
            </param>
            <param index="5">
              <value>
                <![CDATA[test@3]]>
              </value>
            </param>
            <param index="6">
              <value>
                <![CDATA[1234567890]]>
              </value>
            </param>
          </params>
          <reporter-output>
          </reporter-output>
        </test-method> <!-- testPostUser -->
        <test-method status="PASS" signature="testPostUser(java.lang.String, java.lang.String, java.lang.String, java.lang.String, java.lang.String, java.lang.String, java.lang.String)[pri:1, instance:test.usertest.DDTest@337d0578]" name="testPostUser" duration-ms="1507" started-at="2023-03-31T04:14:15Z" data-provider="Data" finished-at="2023-03-31T04:14:17Z">
          <params>
            <param index="0">
              <value>
                <![CDATA[1040]]>
              </value>
            </param>
            <param index="1">
              <value>
                <![CDATA[testUser4]]>
              </value>
            </param>
            <param index="2">
              <value>
                <![CDATA[abraham]]>
              </value>
            </param>
            <param index="3">
              <value>
                <![CDATA[Stallin]]>
              </value>
            </param>
            <param index="4">
              <value>
                <![CDATA[ae@gamail.com]]>
              </value>
            </param>
            <param index="5">
              <value>
                <![CDATA[test@4]]>
              </value>
            </param>
            <param index="6">
              <value>
                <![CDATA[1234567890]]>
              </value>
            </param>
          </params>
          <reporter-output>
          </reporter-output>
        </test-method> <!-- testPostUser -->
        <test-method status="PASS" signature="testPostUser(java.lang.String, java.lang.String, java.lang.String, java.lang.String, java.lang.String, java.lang.String, java.lang.String)[pri:1, instance:test.usertest.DDTest@337d0578]" name="testPostUser" duration-ms="1442" started-at="2023-03-31T04:14:17Z" data-provider="Data" finished-at="2023-03-31T04:14:18Z">
          <params>
            <param index="0">
              <value>
                <![CDATA[1050]]>
              </value>
            </param>
            <param index="1">
              <value>
                <![CDATA[testUser5]]>
              </value>
            </param>
            <param index="2">
              <value>
                <![CDATA[lincon]]>
              </value>
            </param>
            <param index="3">
              <value>
                <![CDATA[Stallin]]>
              </value>
            </param>
            <param index="4">
              <value>
                <![CDATA[af@gamail.com]]>
              </value>
            </param>
            <param index="5">
              <value>
                <![CDATA[test@5]]>
              </value>
            </param>
            <param index="6">
              <value>
                <![CDATA[1234567890]]>
              </value>
            </param>
          </params>
          <reporter-output>
          </reporter-output>
        </test-method> <!-- testPostUser -->
        <test-method status="PASS" signature="testPostUser(java.lang.String, java.lang.String, java.lang.String, java.lang.String, java.lang.String, java.lang.String, java.lang.String)[pri:1, instance:test.usertest.DDTest@337d0578]" name="testPostUser" duration-ms="1532" started-at="2023-03-31T04:14:18Z" data-provider="Data" finished-at="2023-03-31T04:14:20Z">
          <params>
            <param index="0">
              <value>
                <![CDATA[1060]]>
              </value>
            </param>
            <param index="1">
              <value>
                <![CDATA[testUser6]]>
              </value>
            </param>
            <param index="2">
              <value>
                <![CDATA[david]]>
              </value>
            </param>
            <param index="3">
              <value>
                <![CDATA[Stallin]]>
              </value>
            </param>
            <param index="4">
              <value>
                <![CDATA[ag@gamail.com]]>
              </value>
            </param>
            <param index="5">
              <value>
                <![CDATA[test@6]]>
              </value>
            </param>
            <param index="6">
              <value>
                <![CDATA[1234567890]]>
              </value>
            </param>
          </params>
          <reporter-output>
          </reporter-output>
        </test-method> <!-- testPostUser -->
        <test-method status="PASS" signature="testDeleteUserByName(java.lang.String)[pri:2, instance:test.usertest.DDTest@337d0578]" name="testDeleteUserByName" duration-ms="1484" started-at="2023-03-31T04:14:23Z" data-provider="UserNames" finished-at="2023-03-31T04:14:25Z">
          <params>
            <param index="0">
              <value>
                <![CDATA[testUser1]]>
              </value>
            </param>
          </params>
          <reporter-output>
          </reporter-output>
        </test-method> <!-- testDeleteUserByName -->
        <test-method status="PASS" signature="testDeleteUserByName(java.lang.String)[pri:2, instance:test.usertest.DDTest@337d0578]" name="testDeleteUserByName" duration-ms="1405" started-at="2023-03-31T04:14:25Z" data-provider="UserNames" finished-at="2023-03-31T04:14:26Z">
          <params>
            <param index="0">
              <value>
                <![CDATA[testUser2]]>
              </value>
            </param>
          </params>
          <reporter-output>
          </reporter-output>
        </test-method> <!-- testDeleteUserByName -->
        <test-method status="PASS" signature="testDeleteUserByName(java.lang.String)[pri:2, instance:test.usertest.DDTest@337d0578]" name="testDeleteUserByName" duration-ms="1363" started-at="2023-03-31T04:14:26Z" data-provider="UserNames" finished-at="2023-03-31T04:14:27Z">
          <params>
            <param index="0">
              <value>
                <![CDATA[testUser3]]>
              </value>
            </param>
          </params>
          <reporter-output>
          </reporter-output>
        </test-method> <!-- testDeleteUserByName -->
        <test-method status="PASS" signature="testDeleteUserByName(java.lang.String)[pri:2, instance:test.usertest.DDTest@337d0578]" name="testDeleteUserByName" duration-ms="1529" started-at="2023-03-31T04:14:27Z" data-provider="UserNames" finished-at="2023-03-31T04:14:29Z">
          <params>
            <param index="0">
              <value>
                <![CDATA[testUser4]]>
              </value>
            </param>
          </params>
          <reporter-output>
          </reporter-output>
        </test-method> <!-- testDeleteUserByName -->
        <test-method status="PASS" signature="testDeleteUserByName(java.lang.String)[pri:2, instance:test.usertest.DDTest@337d0578]" name="testDeleteUserByName" duration-ms="1475" started-at="2023-03-31T04:14:29Z" data-provider="UserNames" finished-at="2023-03-31T04:14:30Z">
          <params>
            <param index="0">
              <value>
                <![CDATA[testUser5]]>
              </value>
            </param>
          </params>
          <reporter-output>
          </reporter-output>
        </test-method> <!-- testDeleteUserByName -->
        <test-method status="PASS" signature="testDeleteUserByName(java.lang.String)[pri:2, instance:test.usertest.DDTest@337d0578]" name="testDeleteUserByName" duration-ms="1565" started-at="2023-03-31T04:14:30Z" data-provider="UserNames" finished-at="2023-03-31T04:14:32Z">
          <params>
            <param index="0">
              <value>
                <![CDATA[testUser6]]>
              </value>
            </param>
          </params>
          <reporter-output>
          </reporter-output>
        </test-method> <!-- testDeleteUserByName -->
      </class> <!-- test.usertest.DDTest -->
    </test> <!-- Surefire test -->
  </suite> <!-- Surefire suite -->
</testng-results>
