<?xml version="1.0" encoding="UTF-8"?>
<testsuite xmlns:xsi="http://www.w3.org/2001/XMLSchema-instance" xsi:noNamespaceSchemaLocation="https://maven.apache.org/surefire/maven-surefire-plugin/xsd/surefire-test-report.xsd" name="TestSuite" time="47.016" tests="16" errors="0" skipped="0" failures="0">
  <properties>
[...]
</properties>
  <testcase name="testPostUser" classname="test.usertest.DDTest" time="8.443"/>
  <testcase name="testPostUser" classname="test.usertest.DDTest" time="1.575"/>
  <testcase name="testPostUser" classname="test.usertest.DDTest" time="1.478"/>
  <testcase name="testPostUser" classname="test.usertest.DDTest" time="1.543"/>
  <testcase name="testPostUser" classname="test.usertest.DDTest" time="1.407"/>
  <testcase name="testPostUser" classname="test.usertest.DDTest" time="1.531"/>
  <testcase name="testPostUser" classname="test.usertest.UserTest" time="1.508"/>
  <testcase name="testDeleteUserByName" classname="test.usertest.DDTest" time="1.486"/>
  <testcase name="testDeleteUserByName" classname="test.usertest.DDTest" time="1.413"/>
  <testcase name="testDeleteUserByName" classname="test.usertest.DDTest" time="1.356"/>
  <testcase name="testDeleteUserByName" classname="test.usertest.DDTest" time="1.529"/>
  <testcase name="testDeleteUserByName" classname="test.usertest.DDTest" time="1.468"/>
  <testcase name="testDeleteUserByName" classname="test.usertest.DDTest" time="1.567"/>
  <testcase name="testGetUserByName" classname="test.usertest.UserTest" time="1.494"/>
  <testcase name="testUpdateUserByName" classname="test.usertest.UserTest" time="3.873"/>
  <testcase name="testDeleteUserByName" classname="test.usertest.UserTest" time="1.482"/>
</testsuite>