<?xml version="1.0" encoding="UTF-8"?>
<testng-results skipped="0" failed="0" ignored="0" total="4" passed="4">
  <reporter-output>
  </reporter-output>
  <suite name="Pet Suite" duration-ms="20546" started-at="2023-03-26T04:07:42Z" finished-at="2023-03-26T04:08:02Z">
    <groups>
    </groups>
    <test name="Pet Test" duration-ms="20546" started-at="2023-03-26T04:07:42Z" finished-at="2023-03-26T04:08:02Z">
      <class name="test.usertest.UserTest2">
        <test-method status="PASS" signature="setupData()[pri:0, instance:test.usertest.UserTest2@271053e1]" name="setupData" is-config="true" duration-ms="3102" started-at="2023-03-26T04:07:42Z" finished-at="2023-03-26T04:07:46Z">
          <reporter-output>
          </reporter-output>
        </test-method> <!-- setupData -->
        <test-method status="PASS" signature="testPostUser()[pri:1, instance:test.usertest.UserTest2@271053e1]" name="testPostUser" duration-ms="9899" started-at="2023-03-26T04:07:46Z" finished-at="2023-03-26T04:07:56Z">
          <reporter-output>
          </reporter-output>
        </test-method> <!-- testPostUser -->
        <test-method status="PASS" signature="testGetUserByName()[pri:2, instance:test.usertest.UserTest2@271053e1]" name="testGetUserByName" duration-ms="2074" started-at="2023-03-26T04:07:56Z" finished-at="2023-03-26T04:07:58Z">
          <reporter-output>
          </reporter-output>
        </test-method> <!-- testGetUserByName -->
        <test-method status="PASS" signature="testUpdateUserByName()[pri:3, instance:test.usertest.UserTest2@271053e1]" name="testUpdateUserByName" duration-ms="2920" started-at="2023-03-26T04:07:58Z" finished-at="2023-03-26T04:08:01Z">
          <reporter-output>
          </reporter-output>
        </test-method> <!-- testUpdateUserByName -->
        <test-method status="PASS" signature="testDeleteUserByName()[pri:4, instance:test.usertest.UserTest2@271053e1]" name="testDeleteUserByName" duration-ms="1421" started-at="2023-03-26T04:08:01Z" finished-at="2023-03-26T04:08:02Z">
          <reporter-output>
          </reporter-output>
        </test-method> <!-- testDeleteUserByName -->
      </class> <!-- test.usertest.UserTest2 -->
    </test> <!-- Pet Test -->
  </suite> <!-- Pet Suite -->
</testng-results>
