<?xml version="1.0" encoding="UTF-8"?>
<testng-results skipped="0" failed="0" ignored="0" total="4" passed="4">
  <reporter-output>
  </reporter-output>
  <suite name="Pet Suite" duration-ms="20528" started-at="2023-03-21T10:55:28Z" finished-at="2023-03-21T10:55:49Z">
    <groups>
    </groups>
    <test name="Pet Test" duration-ms="20528" started-at="2023-03-21T10:55:28Z" finished-at="2023-03-21T10:55:49Z">
      <class name="test.UserTest2">
        <test-method status="PASS" signature="setupData()[pri:0, instance:test.UserTest2@67b64c45]" name="setupData" is-config="true" duration-ms="1625" started-at="2023-03-21T10:55:29Z" finished-at="2023-03-21T10:55:30Z">
          <reporter-output>
          </reporter-output>
        </test-method> <!-- setupData -->
        <test-method status="PASS" signature="testPostUser()[pri:1, instance:test.UserTest2@67b64c45]" name="testPostUser" duration-ms="10682" started-at="2023-03-21T10:55:30Z" finished-at="2023-03-21T10:55:41Z">
          <reporter-output>
          </reporter-output>
        </test-method> <!-- testPostUser -->
        <test-method status="PASS" signature="testGetUserByName()[pri:2, instance:test.UserTest2@67b64c45]" name="testGetUserByName" duration-ms="1985" started-at="2023-03-21T10:55:41Z" finished-at="2023-03-21T10:55:43Z">
          <reporter-output>
          </reporter-output>
        </test-method> <!-- testGetUserByName -->
        <test-method status="PASS" signature="testUpdateUserByName()[pri:3, instance:test.UserTest2@67b64c45]" name="testUpdateUserByName" duration-ms="3831" started-at="2023-03-21T10:55:43Z" finished-at="2023-03-21T10:55:47Z">
          <reporter-output>
          </reporter-output>
        </test-method> <!-- testUpdateUserByName -->
        <test-method status="PASS" signature="testDeleteUserByName()[pri:4, instance:test.UserTest2@67b64c45]" name="testDeleteUserByName" duration-ms="1781" started-at="2023-03-21T10:55:47Z" finished-at="2023-03-21T10:55:49Z">
          <reporter-output>
          </reporter-output>
        </test-method> <!-- testDeleteUserByName -->
      </class> <!-- test.UserTest2 -->
    </test> <!-- Pet Test -->
  </suite> <!-- Pet Suite -->
</testng-results>
