<?xml version="1.0" encoding="UTF-8"?>
<!-- Generated by org.testng.reporters.JUnitXMLReporter -->
<testsuite hostname="DESKTOP-DD6RFRG" ignored="0" name="Pet Test" tests="4" failures="0" timestamp="26 Mar 2023 04:08:02 GMT" time="20.546" errors="0">
  <testcase name="testPostUser" time="9.899" classname="test.usertest.UserTest2"/>
  <testcase name="testGetUserByName" time="2.074" classname="test.usertest.UserTest2"/>
  <testcase name="testUpdateUserByName" time="2.92" classname="test.usertest.UserTest2"/>
  <testcase name="testDeleteUserByName" time="1.421" classname="test.usertest.UserTest2"/>
</testsuite> <!-- Pet Test -->
