<?xml version="1.0" encoding="UTF-8"?>
<!-- Generated by org.testng.reporters.JUnitXMLReporter -->
<testsuite hostname="DESKTOP-DD6RFRG" ignored="0" name="Pet Test" tests="4" failures="0" timestamp="21 Mar 2023 10:55:49 GMT" time="20.528" errors="0">
  <testcase name="testPostUser" time="10.682" classname="test.UserTest2"/>
  <testcase name="testGetUserByName" time="1.985" classname="test.UserTest2"/>
  <testcase name="testUpdateUserByName" time="3.831" classname="test.UserTest2"/>
  <testcase name="testDeleteUserByName" time="1.781" classname="test.UserTest2"/>
</testsuite> <!-- Pet Test -->
